#
# A fatal error has been detected by the Java Runtime Environment:
#
#  EXCEPTION_ACCESS_VIOLATION (0xc0000005) at pc=0x00007ffb16b026c4, pid=21800, tid=30152
#
# JRE version: OpenJDK Runtime Environment (24.0.1+9) (build 24.0.1+9-30)
# Java VM: OpenJDK 64-Bit Server VM (24.0.1+9-30, mixed mode, sharing, tiered, compressed oops, compressed class ptrs, g1 gc, windows-amd64)
# Problematic frame:
# C  [libasyncProfiler.dll+0x926c4]
#
# No core dump will be written. Minidumps are not enabled by default on client versions of Windows
#
# JFR recording file will be written. Location: C:\Users\peter\IdeaProjects\OOP2_Project\hs_err_pid21800.jfr
#
# If you would like to submit a bug report, please visit:
#   https://bugreport.java.com/bugreport/crash.jsp
# The crash happened outside the Java Virtual Machine in native code.
# See problematic frame for where to report the bug.
#

---------------  S U M M A R Y ------------

Command Line: -javaagent:C:\Users\peter\AppData\Local\Programs\IntelliJ IDEA Ultimate\lib\idea_rt.jar=63942 -agentpath:C:\Users\peter\AppData\Local\Temp\idea_libasyncProfiler_dll_temp_folder\libasyncProfiler.dll=start,jfr,event=wall,interval=10ms,jfrsync=profile,cstack=no,file=C:\Users\peter\IdeaSnapshots\MainWindow_2025_05_23_224404.jfr,dbghelppath=C:\Users\peter\AppData\Local\Temp\idea_dbghelp_dll_temp_folder\dbghelp.dll,log=C:\Users\peter\AppData\Local\Temp\MainWindow_2025_05_23_224404.jfr.log.txt,logLevel=DEBUG -Dfile.encoding=UTF-8 -Dsun.stdout.encoding=UTF-8 -Dsun.stderr.encoding=UTF-8 MainWindow

Host: AMD Ryzen 5 7530U with Radeon Graphics         , 12 cores, 15G,  Windows 11 , 64 bit Build 26100 (10.0.26100.3912)
Time: Fri May 23 22:44:06 2025 E. Africa Standard Time elapsed time: 1.549100 seconds (0d 0h 0m 1s)

---------------  T H R E A D  ---------------

Current thread (0x0000023c40de87d0):  JavaThread "main"             [_thread_in_native, id=30152, stack(0x0000003c87400000,0x0000003c87500000) (1024K)]

Stack: [0x0000003c87400000,0x0000003c87500000],  sp=0x0000003c874fec80,  free space=1019k
Native frames: (J=compiled Java code, j=interpreted, Vv=VM code, C=native code)
C  [libasyncProfiler.dll+0x926c4]  (no source info available)
C  [libasyncProfiler.dll+0x92b9b]  (no source info available)
C  [libasyncProfiler.dll+0x917f4]  (no source info available)
C  [libasyncProfiler.dll+0x9206a]  (no source info available)
C  [libasyncProfiler.dll+0x8cc21]  (no source info available)
C  [libasyncProfiler.dll+0x7e5e1]  (no source info available)
C  [libasyncProfiler.dll+0x7d2f8]  (no source info available)
C  [libasyncProfiler.dll+0x7d1e0]  (no source info available)
C  [libasyncProfiler.dll+0x832fc]  (no source info available)
V  [jvm.dll+0x5e38de]  (no source info available)
V  [jvm.dll+0x886056]  (no source info available)
V  [jvm.dll+0x495f3e]  (no source info available)
V  [jvm.dll+0x497d11]  (no source info available)
C  [jli.dll+0x52a1]  (no source info available)
C  [ucrtbase.dll+0x37b0]  (no source info available)
C  [KERNEL32.DLL+0x2e8d7]  (no source info available)
C  [ntdll.dll+0x9c5dc]  (no source info available)


siginfo: EXCEPTION_ACCESS_VIOLATION (0xc0000005), reading address 0xffffffffffffffff


Registers:
RAX=0x0000000000000010, RBX=0x0000000000000000, RCX=0xffffffffffffffff, RDX=0x007ffb1899300010
RSP=0x0000003c874fec80, RBP=0x0000023ca702c260, RSI=0x0000003c874fedf0, RDI=0x0000023ca702c260
R8 =0x0000000000000042, R9 =0x0000000719801ed8, R10=0x00007ffb18c09fb0, R11=0x0000000000000002
R12=0x0000003c874fedf0, R13=0x0000023c3eeec580, R14=0x0000023c40de8b98, R15=0x0000023c40de8b98
RIP=0x00007ffb16b026c4, EFLAGS=0x0000000000010202

XMM[0]=0x0000000000000000 0x0000000000000000
XMM[1]=0x0000000000000000 0x0000000000000000
XMM[2]=0x0000000000000000 0x0000000000000000
XMM[3]=0x0000000000000000 0x0000000000000000
XMM[4]=0x0000000000000000 0x0000000000000000
XMM[5]=0x0000000000000000 0x0000000000000000
XMM[6]=0x0000000000000000 0x0000000000000000
XMM[7]=0x0000000000000000 0x0000000000000000
XMM[8]=0x0000000000000000 0x0000000000000000
XMM[9]=0x0000000000000000 0x0000000000000000
XMM[10]=0x0000000000000000 0x0000000000000000
XMM[11]=0x0000000000000000 0x0000000000000000
XMM[12]=0x0000000000000000 0x0000000000000000
XMM[13]=0x0000000000000000 0x0000000000000000
XMM[14]=0x0000000000000000 0x0000000000000000
XMM[15]=0x0000000000000000 0x0000000000000000
  MXCSR=0x00001fa0


Register to memory mapping:

RAX=0x0000000000000010 is an unknown value
RBX=0x0 is null
RCX=0xffffffffffffffff is an unknown value
RDX=0x007ffb1899300010 is an unknown value
RSP=0x0000003c874fec80 is pointing into the stack for thread: 0x0000023c40de87d0
RBP=0x0000023ca702c260 points into unknown readable memory: 0x0000000719801ed8 | d8 1e 80 19 07 00 00 00
RSI=0x0000003c874fedf0 is pointing into the stack for thread: 0x0000023c40de87d0
RDI=0x0000023ca702c260 points into unknown readable memory: 0x0000000719801ed8 | d8 1e 80 19 07 00 00 00
R8 =0x0000000000000042 is an unknown value
R9 =0x0000000719801ed8 is an oop: java.lang.Thread 
{0x0000000719801ed8} - klass: 'java/lang/Thread' - flags: 

 - ---- fields (total size 14 words):
 - 'threadLocalRandomProbe' 'I' @12  0 (0x00000000)
 - private volatile 'eetop' 'J' @16  2457809618896 (0x0000023c40de87d0)
 - private final 'tid' 'J' @24  3 (0x0000000000000003)
 - 'threadLocalRandomSeed' 'J' @32  0 (0x0000000000000000)
 - injected 'jvmti_thread_state' 'J' @40  2457811110832 (0x0000023c40f54bb0)
 - 'threadLocalRandomSecondarySeed' 'I' @48  0 (0x00000000)
 - injected 'jvmti_VTMS_transition_disable_count' 'I' @52  0 (0x00000000)
 - injected 'jfr_epoch' 'S' @56  0 (0x0000)
 - volatile 'interrupted' 'Z' @58  false (0x00)
 - injected 'jvmti_is_in_VTMS_transition' 'Z' @59  false (0x00)
 - private volatile 'name' 'Ljava/lang/String;' @60  "main"{0x0000000719801f48} (0xe33003e9)
 - private volatile 'contextClassLoader' 'Ljava/lang/ClassLoader;' @64  a 'jdk/internal/loader/ClassLoaders$AppClassLoader'{0x0000000719815c98} (0xe3302b93)
 - private final 'holder' 'Ljava/lang/Thread$FieldHolder;' @68  a 'java/lang/Thread$FieldHolder'{0x0000000719801f88} (0xe33003f1)
 - 'threadLocals' 'Ljava/lang/ThreadLocal$ThreadLocalMap;' @72  a 'java/lang/ThreadLocal$ThreadLocalMap'{0x000000071963d210} (0xe32c7a42)
 - 'inheritableThreadLocals' 'Ljava/lang/ThreadLocal$ThreadLocalMap;' @76  null (0x00000000)
 - private 'scopedValueBindings' 'Ljava/lang/Object;' @80  a 'java/lang/Class'{0x00000007ffe7c258} = 'java/lang/Thread' (0xfffcf84b)
 - final 'interruptLock' 'Ljava/lang/Object;' @84  a 'java/lang/Object'{0x0000000719801f78} (0xe33003ef)
 - private volatile 'parkBlocker' 'Ljava/lang/Object;' @88  null (0x00000000)
 - private 'nioBlocker' 'Lsun/nio/ch/Interruptible;' @92  null (0x00000000)
 - private 'cont' 'Ljdk/internal/vm/Continuation;' @96  null (0x00000000)
 - private volatile 'uncaughtExceptionHandler' 'Ljava/lang/Thread$UncaughtExceptionHandler;' @100  null (0x00000000)
 - private 'container' 'Ljdk/internal/vm/ThreadContainer;' @104  null (0x00000000)
 - private volatile 'headStackableScopes' 'Ljdk/internal/vm/StackableScope;' @108  null (0x00000000)
R10=0x00007ffb18c09fb0 jvm.dll
R11=0x0000000000000002 is an unknown value
R12=0x0000003c874fedf0 is pointing into the stack for thread: 0x0000023c40de87d0
R13=0x0000023c3eeec580 points into unknown readable memory: 0x00007ffb18b7a510 | 10 a5 b7 18 fb 7f 00 00
R14=0x0000023c40de8b98 points into unknown readable memory: 0x00007ffb18b717b0 | b0 17 b7 18 fb 7f 00 00
R15=0x0000023c40de8b98 points into unknown readable memory: 0x00007ffb18b717b0 | b0 17 b7 18 fb 7f 00 00

Top of Stack: (sp=0x0000003c874fec80)
0x0000003c874fec80:   0000003c874fedf0 0000023ca702c260   ..O.<...`...<...
0x0000003c874fec90:   0000000000000000 0000023c40de8f20   ........ ..@<...
0x0000003c874feca0:   000000000000001a 00007ffb16b02b9b   .........+......
0x0000003c874fecb0:   0000000000000000 0000023c40de8b98   ...........@<...
0x0000003c874fecc0:   0000003c874fed01 0000000000000000   ..O.<...........
0x0000003c874fecd0:   0000023ca870f120 00007ffb16b017f4    .p.<...........
0x0000003c874fece0:   0000000000000000 000000000000001a   ................
0x0000003c874fecf0:   0000000000000000 000000000000001a   ................
0x0000003c874fed00:   0000000900000002 0000023ca8c07f20   ........ ...<...
0x0000003c874fed10:   0000023ca870f120 0000023ca870f188    .p.<.....p.<...
0x0000003c874fed20:   0000023ca870f190 0000000000007eec   ..p.<....~......
0x0000003c874fed30:   0000000000000000 0000000000000000   ................
0x0000003c874fed40:   0000000000000000 00007ffb183d57d4   .........W=.....
0x0000003c874fed50:   00007ffb16c44ca0 0000000000005528   .L......(U......
0x0000003c874fed60:   00007ffb16c44ca0 00000000ffffffff   .L..............
0x0000003c874fed70:   0000000000000000 00007ffb16b0206a   ........j ......
0x0000003c874fed80:   0000023c40de8b98 0000000000000000   ...@<...........
0x0000003c874fed90:   0000003c874fedf9 0000023c3eeec580   ..O.<......><...
0x0000003c874feda0:   0000023c61e7c040 0000023c3edf0000   @..a<......><...
0x0000003c874fedb0:   0000023c61e7c040 00007ffb64ef9fc9   @..a<......d....
0x0000003c874fedc0:   0000023c40de8b98 00007ffb16c44ca0   ...@<....L......
0x0000003c874fedd0:   00007ffb16bef0d8 00007ffb16bef0c8   ................
0x0000003c874fede0:   0000000000000000 0000023c40de8b98   ...........@<...
0x0000003c874fedf0:   0000023ca8dbf380 0000023ca8dbf6c0   ....<.......<...
0x0000003c874fee00:   0000023ca8dbf6c0 00007ffb16c44ca0   ....<....L......
0x0000003c874fee10:   0000023c41275078 0000003c874fef88   xP'A<.....O.<...
0x0000003c874fee20:   0000003c874ff0c0 0000000000008840   ..O.<...@.......
0x0000003c874fee30:   00007ffb16c37080 00007ffb16c44cf0   .p.......L......
0x0000003c874fee40:   0000000000989680 0000000000989680   ................
0x0000003c874fee50:   0000003c874fef60 00007ffb16afcc21   `.O.<...!.......
0x0000003c874fee60:   00007ffb16c44ca0 00007ffb16c44cf8   .L.......L......
0x0000003c874fee70:   00007ffb00000000 003d6b0100000001   .............k=.

Instructions: (pc=0x00007ffb16b026c4)
  0x00007ffb16b025c4:   cc cc cc cc cc cc cc cc cc cc cc cc cc cc cc cc
  0x00007ffb16b025d4:   cc cc cc cc cc cc cc cc cc cc cc cc cc cc cc cc
  0x00007ffb16b025e4:   cc cc cc cc cc cc cc cc cc cc cc cc cc cc cc cc
  0x00007ffb16b025f4:   cc cc cc cc cc cc cc cc cc cc cc cc cc cc cc cc
  0x00007ffb16b02604:   cc cc cc cc cc cc cc cc cc cc cc cc cc cc cc cc
  0x00007ffb16b02614:   cc cc cc cc cc cc cc cc cc cc cc cc cc cc cc cc
  0x00007ffb16b02624:   cc cc cc cc cc cc cc cc cc cc cc cc cc cc cc cc
  0x00007ffb16b02634:   cc cc cc cc cc cc cc cc cc cc cc cc cc cc cc cc
  0x00007ffb16b02644:   cc cc cc cc cc cc cc cc cc cc cc cc 40 57 48 83
  0x00007ffb16b02654:   ec 20 48 8b f9 48 8b 0d 10 28 14 00 48 85 c9 74
  0x00007ffb16b02664:   20 48 8b 01 48 8d 54 24 38 41 b8 06 00 01 00 4c
  0x00007ffb16b02674:   8b 48 30 41 ff d1 85 c0 75 07 48 8b 4c 24 38 eb
  0x00007ffb16b02684:   02 33 c9 4c 8b 05 ea 28 14 00 48 89 5c 24 30 4d
  0x00007ffb16b02694:   85 c0 74 4a 48 8b 01 48 8b d7 4c 8b 88 28 03 00
  0x00007ffb16b026a4:   00 41 ff d1 48 85 c0 74 35 48 63 0d f8 e6 13 00
  0x00007ffb16b026b4:   48 8b 14 01 48 85 d2 74 15 48 63 05 fc e6 13 00
=>0x00007ffb16b026c4:   8b 04 10 48 8b 5c 24 30 48 83 c4 20 5f c3 b8 ff
  0x00007ffb16b026d4:   ff ff ff 48 8b 5c 24 30 48 83 c4 20 5f c3 80 3d
  0x00007ffb16b026e4:   9b 27 14 00 00 bb ff ff ff ff 74 20 4c 8b 0d 31
  0x00007ffb16b026f4:   24 14 00 4c 8d 44 24 38 48 8b 0d 15 24 14 00 48
  0x00007ffb16b02704:   8b d7 41 ff d1 85 c0 0f 44 5c 24 38 8b c3 48 8b
  0x00007ffb16b02714:   5c 24 30 48 83 c4 20 5f c3 cc cc cc cc cc cc cc
  0x00007ffb16b02724:   cc cc cc cc cc cc cc cc cc cc cc cc cc cc cc cc
  0x00007ffb16b02734:   cc cc cc cc cc cc cc cc cc cc cc cc cc cc cc cc
  0x00007ffb16b02744:   cc cc cc cc cc cc cc cc cc cc cc cc 48 89 54 24
  0x00007ffb16b02754:   10 53 55 56 57 41 56 41 57 48 83 ec 28 48 8b f2
  0x00007ffb16b02764:   4c 8b f1 48 89 4c 24 78 45 33 ff 44 89 7c 24 68
  0x00007ffb16b02774:   c7 44 24 60 01 00 00 00 48 8d 4c 24 68 e8 ed 42
  0x00007ffb16b02784:   f7 ff 8b d8 48 8d 4c 24 60 e8 e1 42 f7 ff 8b e8
  0x00007ffb16b02794:   49 8b ce e8 00 fc f6 ff 48 8b f8 90 8b c3 f0 0f
  0x00007ffb16b027a4:   b1 2f 74 04 f3 90 eb f4 4c 89 3e 4c 89 7e 08 4c
  0x00007ffb16b027b4:   89 7e 10 49 8b 6e 08 4d 8b 76 10 49 3b ee 0f 84


Stack slot to memory mapping:

stack at sp + 0 slots: 0x0000003c874fedf0 is pointing into the stack for thread: 0x0000023c40de87d0
stack at sp + 1 slots: 0x0000023ca702c260 points into unknown readable memory: 0x0000000719801ed8 | d8 1e 80 19 07 00 00 00
stack at sp + 2 slots: 0x0 is null
stack at sp + 3 slots: 0x0000023c40de8f20 points into unknown readable memory: 0x6e616c2e6176616a | 6a 61 76 61 2e 6c 61 6e
stack at sp + 4 slots: 0x000000000000001a is an unknown value
stack at sp + 5 slots: 0x00007ffb16b02b9b libasyncProfiler.dll
stack at sp + 6 slots: 0x0 is null
stack at sp + 7 slots: 0x0000023c40de8b98 points into unknown readable memory: 0x00007ffb18b717b0 | b0 17 b7 18 fb 7f 00 00

Lock stack of current Java thread (top to bottom):


---------------  P R O C E S S  ---------------

Threads class SMR info:
_java_thread_list=0x0000023ca9db9dd0, length=19, elements={
0x0000023c40de87d0, 0x0000023c40f7d8a0, 0x0000023c40f7dfe0, 0x0000023c40f88b20,
0x0000023c40f8ba10, 0x0000023c40f8e2e0, 0x0000023c6163ad30, 0x0000023c616425e0,
0x0000023c6164fb80, 0x0000023c61724740, 0x0000023c61724e90, 0x0000023c6164dd40,
0x0000023c617255e0, 0x0000023c61650310, 0x0000023c61725d30, 0x0000023c617238a0,
0x0000023ca8adca10, 0x0000023ca8adbb70, 0x0000023ca8adc2c0
}

Java Threads: ( => current thread )
=>0x0000023c40de87d0 JavaThread "main"                              [_thread_in_native, id=30152, stack(0x0000003c87400000,0x0000003c87500000) (1024K)]
  0x0000023c40f7d8a0 JavaThread "Reference Handler"          daemon [_thread_blocked, id=17356, stack(0x0000003c87c00000,0x0000003c87d00000) (1024K)]
  0x0000023c40f7dfe0 JavaThread "Finalizer"                  daemon [_thread_blocked, id=20860, stack(0x0000003c87d00000,0x0000003c87e00000) (1024K)]
  0x0000023c40f88b20 JavaThread "Signal Dispatcher"          daemon [_thread_blocked, id=29756, stack(0x0000003c87e00000,0x0000003c87f00000) (1024K)]
  0x0000023c40f8ba10 JavaThread "Attach Listener"            daemon [_thread_blocked, id=21280, stack(0x0000003c87f00000,0x0000003c88000000) (1024K)]
  0x0000023c40f8e2e0 JavaThread "Service Thread"             daemon [_thread_blocked, id=12864, stack(0x0000003c88000000,0x0000003c88100000) (1024K)]
  0x0000023c6163ad30 JavaThread "Monitor Deflation Thread"   daemon [_thread_blocked, id=14752, stack(0x0000003c88100000,0x0000003c88200000) (1024K)]
  0x0000023c616425e0 JavaThread "C2 CompilerThread0"         daemon [_thread_blocked, id=31508, stack(0x0000003c88200000,0x0000003c88300000) (1024K)]
  0x0000023c6164fb80 JavaThread "C1 CompilerThread0"         daemon [_thread_blocked, id=16968, stack(0x0000003c88300000,0x0000003c88400000) (1024K)]
  0x0000023c61724740 JavaThread "Common-Cleaner"             daemon [_thread_blocked, id=9848, stack(0x0000003c88400000,0x0000003c88500000) (1024K)]
  0x0000023c61724e90 JavaThread "Monitor Ctrl-Break"         daemon [_thread_in_native, id=10104, stack(0x0000003c88500000,0x0000003c88600000) (1024K)]
  0x0000023c6164dd40 JavaThread "C2 CompilerThread1"         daemon [_thread_blocked, id=16356, stack(0x0000003c88600000,0x0000003c88700000) (1024K)]
  0x0000023c617255e0 JavaThread "JFR Recorder Thread"        daemon [_thread_in_native, id=21036, stack(0x0000003c88700000,0x0000003c88800000) (1024K)]
  0x0000023c61650310 JavaThread "C2 CompilerThread2"         daemon [_thread_in_native, id=12296, stack(0x0000003c88800000,0x0000003c88900000) (1024K)]
  0x0000023c61725d30 JavaThread "JFR Periodic Tasks"         daemon [_thread_blocked, id=32492, stack(0x0000003c88900000,0x0000003c88a00000) (1024K)]
  0x0000023c617238a0 JavaThread "RMI TCP Accept-0"           daemon [_thread_in_native, id=19012, stack(0x0000003c88a00000,0x0000003c88b00000) (1024K)]
  0x0000023ca8adca10 JavaThread "RMI TCP Connection(1)-192.168.100.106" daemon [_thread_in_native, id=5928, stack(0x0000003c88b00000,0x0000003c88c00000) (1024K)]
  0x0000023ca8adbb70 JavaThread "RMI Scheduler(0)"           daemon [_thread_blocked, id=980, stack(0x0000003c88c00000,0x0000003c88d00000) (1024K)]
  0x0000023ca8adc2c0 JavaThread "JMX server connection timeout 33" daemon [_thread_blocked, id=26944, stack(0x0000003c88d00000,0x0000003c88e00000) (1024K)]
Total: 19

Other Threads:
  0x0000023c40f6a440 VMThread "VM Thread"                           [id=23992, stack(0x0000003c87b00000,0x0000003c87c00000) (1024K)]
  0x0000023c40f53740 WatcherThread "VM Periodic Task Thread"        [id=28524, stack(0x0000003c87a00000,0x0000003c87b00000) (1024K)]
  0x0000023c40e53540 WorkerThread "GC Thread#0"                     [id=28500, stack(0x0000003c87500000,0x0000003c87600000) (1024K)]
  0x0000023c40e678c0 ConcurrentGCThread "G1 Main Marker"            [id=19312, stack(0x0000003c87600000,0x0000003c87700000) (1024K)]
  0x0000023c40e694e0 WorkerThread "G1 Conc#0"                       [id=8252, stack(0x0000003c87700000,0x0000003c87800000) (1024K)]
  0x0000023c40f45880 ConcurrentGCThread "G1 Refine#0"               [id=3660, stack(0x0000003c87800000,0x0000003c87900000) (1024K)]
  0x0000023c40f471c0 ConcurrentGCThread "G1 Service"                [id=18900, stack(0x0000003c87900000,0x0000003c87a00000) (1024K)]
Total: 7

Threads with active compile tasks:
C2 CompilerThread2  1792 1250       4       jdk.jfr.internal.MetadataWriter::write (168 bytes)
Total: 1

VM state: not at safepoint (normal execution)

VM Mutex/Monitor currently owned by a thread: None

Heap address: 0x000000070a400000, size: 3932 MB, Compressed Oops mode: Zero based, Oop shift amount: 3

CDS archive(s) mapped at: [0x0000023c62000000-0x0000023c62d40000-0x0000023c62d40000), size 13893632, SharedBaseAddress: 0x0000023c62000000, ArchiveRelocationMode: 1.
Compressed class space mapped at: 0x0000023c63000000-0x0000023ca3000000, reserved size: 1073741824
UseCompressedClassPointers 1, UseCompactObjectHeaders 0
Narrow klass pointer bits 32, Max shift 3
Narrow klass base: 0x0000023c62000000, Narrow klass shift: 0
Encoding Range: [0x0000023c62000000 - 0x0000023d62000000), (4294967296 bytes)
Klass Range:    [0x0000023c62000000 - 0x0000023ca3000000), (1090519040 bytes)
Klass ID Range:  [8 - 1090519033) (1090519025)

GC Precious Log:
 CardTable entry size: 512
 Card Set container configuration: InlinePtr #cards 4 size 8 Array Of Cards #cards 16 size 48 Howl #buckets 8 coarsen threshold 3686 Howl Bitmap #cards 512 size 80 coarsen threshold 460 Card regions per heap region 1 cards per card region 4096
 CPUs: 12 total, 12 available
 Memory: 15723M
 Large Page Support: Disabled
 NUMA Support: Disabled
 Compressed Oops: Enabled (Zero based)
 Heap Region Size: 2M
 Heap Min Capacity: 8M
 Heap Initial Capacity: 246M
 Heap Max Capacity: 3932M
 Pre-touch: Disabled
 Parallel Workers: 10
 Concurrent Workers: 3
 Concurrent Refinement Workers: 10
 Periodic GC: Disabled

Heap:
 garbage-first heap   total reserved 4026368K, committed 253952K, used 29808K [0x000000070a400000, 0x0000000800000000)
  region size 2048K, 15 young (30720K), 0 survivors (0K)
 Metaspace       used 7557K, committed 7808K, reserved 1114112K
  class space    used 711K, committed 832K, reserved 1048576K

Heap Regions: E=young(eden), S=young(survivor), O=old, HS=humongous(starts), HC=humongous(continues), CS=collection set, F=free, TAMS=top-at-mark-start, PB=parsable bottom
|   0|0x000000070a400000, 0x000000070a400000, 0x000000070a600000|  0%| F|  |TAMS 0x000000070a400000| PB 0x000000070a400000| Untracked |  0
|   1|0x000000070a600000, 0x000000070a600000, 0x000000070a800000|  0%| F|  |TAMS 0x000000070a600000| PB 0x000000070a600000| Untracked |  0
|   2|0x000000070a800000, 0x000000070a800000, 0x000000070aa00000|  0%| F|  |TAMS 0x000000070a800000| PB 0x000000070a800000| Untracked |  0
|   3|0x000000070aa00000, 0x000000070aa00000, 0x000000070ac00000|  0%| F|  |TAMS 0x000000070aa00000| PB 0x000000070aa00000| Untracked |  0
|   4|0x000000070ac00000, 0x000000070ac00000, 0x000000070ae00000|  0%| F|  |TAMS 0x000000070ac00000| PB 0x000000070ac00000| Untracked |  0
|   5|0x000000070ae00000, 0x000000070ae00000, 0x000000070b000000|  0%| F|  |TAMS 0x000000070ae00000| PB 0x000000070ae00000| Untracked |  0
|   6|0x000000070b000000, 0x000000070b000000, 0x000000070b200000|  0%| F|  |TAMS 0x000000070b000000| PB 0x000000070b000000| Untracked |  0
|   7|0x000000070b200000, 0x000000070b200000, 0x000000070b400000|  0%| F|  |TAMS 0x000000070b200000| PB 0x000000070b200000| Untracked |  0
|   8|0x000000070b400000, 0x000000070b400000, 0x000000070b600000|  0%| F|  |TAMS 0x000000070b400000| PB 0x000000070b400000| Untracked |  0
|   9|0x000000070b600000, 0x000000070b600000, 0x000000070b800000|  0%| F|  |TAMS 0x000000070b600000| PB 0x000000070b600000| Untracked |  0
|  10|0x000000070b800000, 0x000000070b800000, 0x000000070ba00000|  0%| F|  |TAMS 0x000000070b800000| PB 0x000000070b800000| Untracked |  0
|  11|0x000000070ba00000, 0x000000070ba00000, 0x000000070bc00000|  0%| F|  |TAMS 0x000000070ba00000| PB 0x000000070ba00000| Untracked |  0
|  12|0x000000070bc00000, 0x000000070bc00000, 0x000000070be00000|  0%| F|  |TAMS 0x000000070bc00000| PB 0x000000070bc00000| Untracked |  0
|  13|0x000000070be00000, 0x000000070be00000, 0x000000070c000000|  0%| F|  |TAMS 0x000000070be00000| PB 0x000000070be00000| Untracked |  0
|  14|0x000000070c000000, 0x000000070c000000, 0x000000070c200000|  0%| F|  |TAMS 0x000000070c000000| PB 0x000000070c000000| Untracked |  0
|  15|0x000000070c200000, 0x000000070c200000, 0x000000070c400000|  0%| F|  |TAMS 0x000000070c200000| PB 0x000000070c200000| Untracked |  0
|  16|0x000000070c400000, 0x000000070c400000, 0x000000070c600000|  0%| F|  |TAMS 0x000000070c400000| PB 0x000000070c400000| Untracked |  0
|  17|0x000000070c600000, 0x000000070c600000, 0x000000070c800000|  0%| F|  |TAMS 0x000000070c600000| PB 0x000000070c600000| Untracked |  0
|  18|0x000000070c800000, 0x000000070c800000, 0x000000070ca00000|  0%| F|  |TAMS 0x000000070c800000| PB 0x000000070c800000| Untracked |  0
|  19|0x000000070ca00000, 0x000000070ca00000, 0x000000070cc00000|  0%| F|  |TAMS 0x000000070ca00000| PB 0x000000070ca00000| Untracked |  0
|  20|0x000000070cc00000, 0x000000070cc00000, 0x000000070ce00000|  0%| F|  |TAMS 0x000000070cc00000| PB 0x000000070cc00000| Untracked |  0
|  21|0x000000070ce00000, 0x000000070ce00000, 0x000000070d000000|  0%| F|  |TAMS 0x000000070ce00000| PB 0x000000070ce00000| Untracked |  0
|  22|0x000000070d000000, 0x000000070d000000, 0x000000070d200000|  0%| F|  |TAMS 0x000000070d000000| PB 0x000000070d000000| Untracked |  0
|  23|0x000000070d200000, 0x000000070d200000, 0x000000070d400000|  0%| F|  |TAMS 0x000000070d200000| PB 0x000000070d200000| Untracked |  0
|  24|0x000000070d400000, 0x000000070d400000, 0x000000070d600000|  0%| F|  |TAMS 0x000000070d400000| PB 0x000000070d400000| Untracked |  0
|  25|0x000000070d600000, 0x000000070d600000, 0x000000070d800000|  0%| F|  |TAMS 0x000000070d600000| PB 0x000000070d600000| Untracked |  0
|  26|0x000000070d800000, 0x000000070d800000, 0x000000070da00000|  0%| F|  |TAMS 0x000000070d800000| PB 0x000000070d800000| Untracked |  0
|  27|0x000000070da00000, 0x000000070da00000, 0x000000070dc00000|  0%| F|  |TAMS 0x000000070da00000| PB 0x000000070da00000| Untracked |  0
|  28|0x000000070dc00000, 0x000000070dc00000, 0x000000070de00000|  0%| F|  |TAMS 0x000000070dc00000| PB 0x000000070dc00000| Untracked |  0
|  29|0x000000070de00000, 0x000000070de00000, 0x000000070e000000|  0%| F|  |TAMS 0x000000070de00000| PB 0x000000070de00000| Untracked |  0
|  30|0x000000070e000000, 0x000000070e000000, 0x000000070e200000|  0%| F|  |TAMS 0x000000070e000000| PB 0x000000070e000000| Untracked |  0
|  31|0x000000070e200000, 0x000000070e200000, 0x000000070e400000|  0%| F|  |TAMS 0x000000070e200000| PB 0x000000070e200000| Untracked |  0
|  32|0x000000070e400000, 0x000000070e400000, 0x000000070e600000|  0%| F|  |TAMS 0x000000070e400000| PB 0x000000070e400000| Untracked |  0
|  33|0x000000070e600000, 0x000000070e600000, 0x000000070e800000|  0%| F|  |TAMS 0x000000070e600000| PB 0x000000070e600000| Untracked |  0
|  34|0x000000070e800000, 0x000000070e800000, 0x000000070ea00000|  0%| F|  |TAMS 0x000000070e800000| PB 0x000000070e800000| Untracked |  0
|  35|0x000000070ea00000, 0x000000070ea00000, 0x000000070ec00000|  0%| F|  |TAMS 0x000000070ea00000| PB 0x000000070ea00000| Untracked |  0
|  36|0x000000070ec00000, 0x000000070ec00000, 0x000000070ee00000|  0%| F|  |TAMS 0x000000070ec00000| PB 0x000000070ec00000| Untracked |  0
|  37|0x000000070ee00000, 0x000000070ee00000, 0x000000070f000000|  0%| F|  |TAMS 0x000000070ee00000| PB 0x000000070ee00000| Untracked |  0
|  38|0x000000070f000000, 0x000000070f000000, 0x000000070f200000|  0%| F|  |TAMS 0x000000070f000000| PB 0x000000070f000000| Untracked |  0
|  39|0x000000070f200000, 0x000000070f200000, 0x000000070f400000|  0%| F|  |TAMS 0x000000070f200000| PB 0x000000070f200000| Untracked |  0
|  40|0x000000070f400000, 0x000000070f400000, 0x000000070f600000|  0%| F|  |TAMS 0x000000070f400000| PB 0x000000070f400000| Untracked |  0
|  41|0x000000070f600000, 0x000000070f600000, 0x000000070f800000|  0%| F|  |TAMS 0x000000070f600000| PB 0x000000070f600000| Untracked |  0
|  42|0x000000070f800000, 0x000000070f800000, 0x000000070fa00000|  0%| F|  |TAMS 0x000000070f800000| PB 0x000000070f800000| Untracked |  0
|  43|0x000000070fa00000, 0x000000070fa00000, 0x000000070fc00000|  0%| F|  |TAMS 0x000000070fa00000| PB 0x000000070fa00000| Untracked |  0
|  44|0x000000070fc00000, 0x000000070fc00000, 0x000000070fe00000|  0%| F|  |TAMS 0x000000070fc00000| PB 0x000000070fc00000| Untracked |  0
|  45|0x000000070fe00000, 0x000000070fe00000, 0x0000000710000000|  0%| F|  |TAMS 0x000000070fe00000| PB 0x000000070fe00000| Untracked |  0
|  46|0x0000000710000000, 0x0000000710000000, 0x0000000710200000|  0%| F|  |TAMS 0x0000000710000000| PB 0x0000000710000000| Untracked |  0
|  47|0x0000000710200000, 0x0000000710200000, 0x0000000710400000|  0%| F|  |TAMS 0x0000000710200000| PB 0x0000000710200000| Untracked |  0
|  48|0x0000000710400000, 0x0000000710400000, 0x0000000710600000|  0%| F|  |TAMS 0x0000000710400000| PB 0x0000000710400000| Untracked |  0
|  49|0x0000000710600000, 0x0000000710600000, 0x0000000710800000|  0%| F|  |TAMS 0x0000000710600000| PB 0x0000000710600000| Untracked |  0
|  50|0x0000000710800000, 0x0000000710800000, 0x0000000710a00000|  0%| F|  |TAMS 0x0000000710800000| PB 0x0000000710800000| Untracked |  0
|  51|0x0000000710a00000, 0x0000000710a00000, 0x0000000710c00000|  0%| F|  |TAMS 0x0000000710a00000| PB 0x0000000710a00000| Untracked |  0
|  52|0x0000000710c00000, 0x0000000710c00000, 0x0000000710e00000|  0%| F|  |TAMS 0x0000000710c00000| PB 0x0000000710c00000| Untracked |  0
|  53|0x0000000710e00000, 0x0000000710e00000, 0x0000000711000000|  0%| F|  |TAMS 0x0000000710e00000| PB 0x0000000710e00000| Untracked |  0
|  54|0x0000000711000000, 0x0000000711000000, 0x0000000711200000|  0%| F|  |TAMS 0x0000000711000000| PB 0x0000000711000000| Untracked |  0
|  55|0x0000000711200000, 0x0000000711200000, 0x0000000711400000|  0%| F|  |TAMS 0x0000000711200000| PB 0x0000000711200000| Untracked |  0
|  56|0x0000000711400000, 0x0000000711400000, 0x0000000711600000|  0%| F|  |TAMS 0x0000000711400000| PB 0x0000000711400000| Untracked |  0
|  57|0x0000000711600000, 0x0000000711600000, 0x0000000711800000|  0%| F|  |TAMS 0x0000000711600000| PB 0x0000000711600000| Untracked |  0
|  58|0x0000000711800000, 0x0000000711800000, 0x0000000711a00000|  0%| F|  |TAMS 0x0000000711800000| PB 0x0000000711800000| Untracked |  0
|  59|0x0000000711a00000, 0x0000000711a00000, 0x0000000711c00000|  0%| F|  |TAMS 0x0000000711a00000| PB 0x0000000711a00000| Untracked |  0
|  60|0x0000000711c00000, 0x0000000711c00000, 0x0000000711e00000|  0%| F|  |TAMS 0x0000000711c00000| PB 0x0000000711c00000| Untracked |  0
|  61|0x0000000711e00000, 0x0000000711e00000, 0x0000000712000000|  0%| F|  |TAMS 0x0000000711e00000| PB 0x0000000711e00000| Untracked |  0
|  62|0x0000000712000000, 0x0000000712000000, 0x0000000712200000|  0%| F|  |TAMS 0x0000000712000000| PB 0x0000000712000000| Untracked |  0
|  63|0x0000000712200000, 0x0000000712200000, 0x0000000712400000|  0%| F|  |TAMS 0x0000000712200000| PB 0x0000000712200000| Untracked |  0
|  64|0x0000000712400000, 0x0000000712400000, 0x0000000712600000|  0%| F|  |TAMS 0x0000000712400000| PB 0x0000000712400000| Untracked |  0
|  65|0x0000000712600000, 0x0000000712600000, 0x0000000712800000|  0%| F|  |TAMS 0x0000000712600000| PB 0x0000000712600000| Untracked |  0
|  66|0x0000000712800000, 0x0000000712800000, 0x0000000712a00000|  0%| F|  |TAMS 0x0000000712800000| PB 0x0000000712800000| Untracked |  0
|  67|0x0000000712a00000, 0x0000000712a00000, 0x0000000712c00000|  0%| F|  |TAMS 0x0000000712a00000| PB 0x0000000712a00000| Untracked |  0
|  68|0x0000000712c00000, 0x0000000712c00000, 0x0000000712e00000|  0%| F|  |TAMS 0x0000000712c00000| PB 0x0000000712c00000| Untracked |  0
|  69|0x0000000712e00000, 0x0000000712e00000, 0x0000000713000000|  0%| F|  |TAMS 0x0000000712e00000| PB 0x0000000712e00000| Untracked |  0
|  70|0x0000000713000000, 0x0000000713000000, 0x0000000713200000|  0%| F|  |TAMS 0x0000000713000000| PB 0x0000000713000000| Untracked |  0
|  71|0x0000000713200000, 0x0000000713200000, 0x0000000713400000|  0%| F|  |TAMS 0x0000000713200000| PB 0x0000000713200000| Untracked |  0
|  72|0x0000000713400000, 0x0000000713400000, 0x0000000713600000|  0%| F|  |TAMS 0x0000000713400000| PB 0x0000000713400000| Untracked |  0
|  73|0x0000000713600000, 0x0000000713600000, 0x0000000713800000|  0%| F|  |TAMS 0x0000000713600000| PB 0x0000000713600000| Untracked |  0
|  74|0x0000000713800000, 0x0000000713800000, 0x0000000713a00000|  0%| F|  |TAMS 0x0000000713800000| PB 0x0000000713800000| Untracked |  0
|  75|0x0000000713a00000, 0x0000000713a00000, 0x0000000713c00000|  0%| F|  |TAMS 0x0000000713a00000| PB 0x0000000713a00000| Untracked |  0
|  76|0x0000000713c00000, 0x0000000713c00000, 0x0000000713e00000|  0%| F|  |TAMS 0x0000000713c00000| PB 0x0000000713c00000| Untracked |  0
|  77|0x0000000713e00000, 0x0000000713e00000, 0x0000000714000000|  0%| F|  |TAMS 0x0000000713e00000| PB 0x0000000713e00000| Untracked |  0
|  78|0x0000000714000000, 0x0000000714000000, 0x0000000714200000|  0%| F|  |TAMS 0x0000000714000000| PB 0x0000000714000000| Untracked |  0
|  79|0x0000000714200000, 0x0000000714200000, 0x0000000714400000|  0%| F|  |TAMS 0x0000000714200000| PB 0x0000000714200000| Untracked |  0
|  80|0x0000000714400000, 0x0000000714400000, 0x0000000714600000|  0%| F|  |TAMS 0x0000000714400000| PB 0x0000000714400000| Untracked |  0
|  81|0x0000000714600000, 0x0000000714600000, 0x0000000714800000|  0%| F|  |TAMS 0x0000000714600000| PB 0x0000000714600000| Untracked |  0
|  82|0x0000000714800000, 0x0000000714800000, 0x0000000714a00000|  0%| F|  |TAMS 0x0000000714800000| PB 0x0000000714800000| Untracked |  0
|  83|0x0000000714a00000, 0x0000000714a00000, 0x0000000714c00000|  0%| F|  |TAMS 0x0000000714a00000| PB 0x0000000714a00000| Untracked |  0
|  84|0x0000000714c00000, 0x0000000714c00000, 0x0000000714e00000|  0%| F|  |TAMS 0x0000000714c00000| PB 0x0000000714c00000| Untracked |  0
|  85|0x0000000714e00000, 0x0000000714e00000, 0x0000000715000000|  0%| F|  |TAMS 0x0000000714e00000| PB 0x0000000714e00000| Untracked |  0
|  86|0x0000000715000000, 0x0000000715000000, 0x0000000715200000|  0%| F|  |TAMS 0x0000000715000000| PB 0x0000000715000000| Untracked |  0
|  87|0x0000000715200000, 0x0000000715200000, 0x0000000715400000|  0%| F|  |TAMS 0x0000000715200000| PB 0x0000000715200000| Untracked |  0
|  88|0x0000000715400000, 0x0000000715400000, 0x0000000715600000|  0%| F|  |TAMS 0x0000000715400000| PB 0x0000000715400000| Untracked |  0
|  89|0x0000000715600000, 0x0000000715600000, 0x0000000715800000|  0%| F|  |TAMS 0x0000000715600000| PB 0x0000000715600000| Untracked |  0
|  90|0x0000000715800000, 0x0000000715800000, 0x0000000715a00000|  0%| F|  |TAMS 0x0000000715800000| PB 0x0000000715800000| Untracked |  0
|  91|0x0000000715a00000, 0x0000000715a00000, 0x0000000715c00000|  0%| F|  |TAMS 0x0000000715a00000| PB 0x0000000715a00000| Untracked |  0
|  92|0x0000000715c00000, 0x0000000715c00000, 0x0000000715e00000|  0%| F|  |TAMS 0x0000000715c00000| PB 0x0000000715c00000| Untracked |  0
|  93|0x0000000715e00000, 0x0000000715e00000, 0x0000000716000000|  0%| F|  |TAMS 0x0000000715e00000| PB 0x0000000715e00000| Untracked |  0
|  94|0x0000000716000000, 0x0000000716000000, 0x0000000716200000|  0%| F|  |TAMS 0x0000000716000000| PB 0x0000000716000000| Untracked |  0
|  95|0x0000000716200000, 0x0000000716200000, 0x0000000716400000|  0%| F|  |TAMS 0x0000000716200000| PB 0x0000000716200000| Untracked |  0
|  96|0x0000000716400000, 0x0000000716400000, 0x0000000716600000|  0%| F|  |TAMS 0x0000000716400000| PB 0x0000000716400000| Untracked |  0
|  97|0x0000000716600000, 0x0000000716600000, 0x0000000716800000|  0%| F|  |TAMS 0x0000000716600000| PB 0x0000000716600000| Untracked |  0
|  98|0x0000000716800000, 0x0000000716800000, 0x0000000716a00000|  0%| F|  |TAMS 0x0000000716800000| PB 0x0000000716800000| Untracked |  0
|  99|0x0000000716a00000, 0x0000000716a00000, 0x0000000716c00000|  0%| F|  |TAMS 0x0000000716a00000| PB 0x0000000716a00000| Untracked |  0
| 100|0x0000000716c00000, 0x0000000716c00000, 0x0000000716e00000|  0%| F|  |TAMS 0x0000000716c00000| PB 0x0000000716c00000| Untracked |  0
| 101|0x0000000716e00000, 0x0000000716e00000, 0x0000000717000000|  0%| F|  |TAMS 0x0000000716e00000| PB 0x0000000716e00000| Untracked |  0
| 102|0x0000000717000000, 0x0000000717000000, 0x0000000717200000|  0%| F|  |TAMS 0x0000000717000000| PB 0x0000000717000000| Untracked |  0
| 103|0x0000000717200000, 0x0000000717200000, 0x0000000717400000|  0%| F|  |TAMS 0x0000000717200000| PB 0x0000000717200000| Untracked |  0
| 104|0x0000000717400000, 0x0000000717400000, 0x0000000717600000|  0%| F|  |TAMS 0x0000000717400000| PB 0x0000000717400000| Untracked |  0
| 105|0x0000000717600000, 0x0000000717600000, 0x0000000717800000|  0%| F|  |TAMS 0x0000000717600000| PB 0x0000000717600000| Untracked |  0
| 106|0x0000000717800000, 0x0000000717800000, 0x0000000717a00000|  0%| F|  |TAMS 0x0000000717800000| PB 0x0000000717800000| Untracked |  0
| 107|0x0000000717a00000, 0x0000000717a00000, 0x0000000717c00000|  0%| F|  |TAMS 0x0000000717a00000| PB 0x0000000717a00000| Untracked |  0
| 108|0x0000000717c00000, 0x0000000717df3870, 0x0000000717e00000| 97%| E|  |TAMS 0x0000000717c00000| PB 0x0000000717c00000| Complete |  0
| 109|0x0000000717e00000, 0x0000000718000000, 0x0000000718000000|100%| E|CS|TAMS 0x0000000717e00000| PB 0x0000000717e00000| Complete |  0
| 110|0x0000000718000000, 0x0000000718200000, 0x0000000718200000|100%| E|CS|TAMS 0x0000000718000000| PB 0x0000000718000000| Complete |  0
| 111|0x0000000718200000, 0x0000000718400000, 0x0000000718400000|100%| E|CS|TAMS 0x0000000718200000| PB 0x0000000718200000| Complete |  0
| 112|0x0000000718400000, 0x0000000718600000, 0x0000000718600000|100%| E|CS|TAMS 0x0000000718400000| PB 0x0000000718400000| Complete |  0
| 113|0x0000000718600000, 0x0000000718800000, 0x0000000718800000|100%| E|CS|TAMS 0x0000000718600000| PB 0x0000000718600000| Complete |  0
| 114|0x0000000718800000, 0x0000000718a00000, 0x0000000718a00000|100%| E|CS|TAMS 0x0000000718800000| PB 0x0000000718800000| Complete |  0
| 115|0x0000000718a00000, 0x0000000718c00000, 0x0000000718c00000|100%| E|CS|TAMS 0x0000000718a00000| PB 0x0000000718a00000| Complete |  0
| 116|0x0000000718c00000, 0x0000000718e00000, 0x0000000718e00000|100%| E|CS|TAMS 0x0000000718c00000| PB 0x0000000718c00000| Complete |  0
| 117|0x0000000718e00000, 0x0000000719000000, 0x0000000719000000|100%| E|CS|TAMS 0x0000000718e00000| PB 0x0000000718e00000| Complete |  0
| 118|0x0000000719000000, 0x0000000719200000, 0x0000000719200000|100%| E|CS|TAMS 0x0000000719000000| PB 0x0000000719000000| Complete |  0
| 119|0x0000000719200000, 0x0000000719400000, 0x0000000719400000|100%| E|CS|TAMS 0x0000000719200000| PB 0x0000000719200000| Complete |  0
| 120|0x0000000719400000, 0x0000000719600000, 0x0000000719600000|100%| E|CS|TAMS 0x0000000719400000| PB 0x0000000719400000| Complete |  0
| 121|0x0000000719600000, 0x0000000719800000, 0x0000000719800000|100%| E|CS|TAMS 0x0000000719600000| PB 0x0000000719600000| Complete |  0
| 122|0x0000000719800000, 0x0000000719a00000, 0x0000000719a00000|100%| E|CS|TAMS 0x0000000719800000| PB 0x0000000719800000| Complete |  0
|1965|0x00000007ffe00000, 0x00000007fff1c288, 0x0000000800000000| 55%| O|  |TAMS 0x00000007ffe00000| PB 0x00000007ffe00000| Untracked |  0

Card table byte_map: [0x0000023c5a550000,0x0000023c5ad00000] _byte_map_base: 0x0000023c56cfe000

Marking Bits: (CMBitMap*) 0x0000023c40e53c50
 Bits: [0x0000023c5ad00000, 0x0000023c5ea70000)

Polling page: 0x0000023c3f0f0000

Metaspace:

Usage:
  Non-class:      6.69 MB used.
      Class:    711.86 KB used.
       Both:      7.38 MB used.

Virtual space:
  Non-class space:       64.00 MB reserved,       6.81 MB ( 11%) committed,  1 nodes.
      Class space:        1.00 GB reserved,     832.00 KB ( <1%) committed,  1 nodes.
             Both:        1.06 GB reserved,       7.62 MB ( <1%) committed. 

Chunk freelists:
   Non-Class:  8.92 MB
       Class:  15.21 MB
        Both:  24.12 MB

MaxMetaspaceSize: unlimited
CompressedClassSpaceSize: 1.00 GB
Initial GC threshold: 21.00 MB
Current GC threshold: 21.00 MB
CDS: on
 - commit_granule_bytes: 65536.
 - commit_granule_words: 8192.
 - virtual_space_node_default_size: 8388608.
 - enlarge_chunks_in_place: 1.
UseCompressedClassPointers 1, UseCompactObjectHeaders 0
Narrow klass pointer bits 32, Max shift 3
Narrow klass base: 0x0000023c62000000, Narrow klass shift: 0
Encoding Range: [0x0000023c62000000 - 0x0000023d62000000), (4294967296 bytes)
Klass Range:    [0x0000023c62000000 - 0x0000023ca3000000), (1090519040 bytes)
Klass ID Range:  [8 - 1090519033) (1090519025)


Internal statistics:

num_allocs_failed_limit: 0.
num_arena_births: 176.
num_arena_deaths: 0.
num_vsnodes_births: 2.
num_vsnodes_deaths: 0.
num_space_committed: 122.
num_space_uncommitted: 0.
num_chunks_returned_to_freelist: 0.
num_chunks_taken_from_freelist: 210.
num_chunk_merges: 0.
num_chunk_splits: 137.
num_chunks_enlarged: 74.
num_inconsistent_stats: 0.

CodeHeap 'non-profiled nmethods': size=120064Kb used=592Kb max_used=592Kb free=119472Kb
 bounds [0x0000023c51dc0000, 0x0000023c52030000, 0x0000023c59300000]
CodeHeap 'profiled nmethods': size=120000Kb used=2270Kb max_used=2270Kb free=117729Kb
 bounds [0x0000023c4a300000, 0x0000023c4a570000, 0x0000023c51830000]
CodeHeap 'non-nmethods': size=5696Kb used=1326Kb max_used=1360Kb free=4369Kb
 bounds [0x0000023c51830000, 0x0000023c51aa0000, 0x0000023c51dc0000]
CodeCache: size=245760Kb, used=4188Kb, max_used=4222Kb, free=241570Kb
 total_blobs=2192, nmethods=1700, adapters=397, full_count=0
Compilation: enabled, stopped_count=0, restarted_count=0

Compilation events (20 events):
Event: 1.501 Thread 0x0000023c616425e0 1472       4       jdk.internal.classfile.impl.BufWriterImpl::cpIndex (33 bytes)
Event: 1.503 Thread 0x0000023c6164fb80 1474       3       java.lang.invoke.AbstractValidatingLambdaMetafactory::isAdaptableTo (126 bytes)
Event: 1.504 Thread 0x0000023c6164fb80 nmethod 1474 0x0000023c4a4d6e88 code [0x0000023c4a4d70a0, 0x0000023c4a4d7ef8]
Event: 1.504 Thread 0x0000023c6164fb80 1475       3       java.lang.invoke.DirectMethodHandle::preparedLambdaForm (31 bytes)
Event: 1.504 Thread 0x0000023c6164fb80 nmethod 1475 0x0000023c4a4d7f88 code [0x0000023c4a4d80e0, 0x0000023c4a4d8540]
Event: 1.507 Thread 0x0000023c616425e0 nmethod 1472 0x0000023c51e3dc08 code [0x0000023c51e3dd60, 0x0000023c51e3e018]
Event: 1.508 Thread 0x0000023c6164fb80 1476       3       java.lang.invoke.MethodHandleNatives::refKindHasReceiver (33 bytes)
Event: 1.508 Thread 0x0000023c6164fb80 nmethod 1476 0x0000023c4a4d8588 code [0x0000023c4a4d86a0, 0x0000023c4a4d87e8]
Event: 1.509 Thread 0x0000023c6164fb80 1478       3       jdk.internal.classfile.impl.SplitConstantPool::writeTo (120 bytes)
Event: 1.511 Thread 0x0000023c6164fb80 nmethod 1478 0x0000023c4a4d8888 code [0x0000023c4a4d8b40, 0x0000023c4a4da6d8]
Event: 1.517 Thread 0x0000023c6164fb80 1479       3       java.util.Properties::getProperty (50 bytes)
Event: 1.518 Thread 0x0000023c6164fb80 nmethod 1479 0x0000023c4a4da788 code [0x0000023c4a4da8e0, 0x0000023c4a4dad98]
Event: 1.518 Thread 0x0000023c6164fb80 1481       3       java.lang.invoke.DirectMethodHandle$Holder::invokeStatic (15 bytes)
Event: 1.518 Thread 0x0000023c6164fb80 nmethod 1481 0x0000023c4a4dae08 code [0x0000023c4a4daf40, 0x0000023c4a4db498]
Event: 1.518 Thread 0x0000023c6164fb80 1480       1       java.util.logging.Logger::getName (5 bytes)
Event: 1.518 Thread 0x0000023c6164fb80 nmethod 1480 0x0000023c51e3e508 code [0x0000023c51e3e600, 0x0000023c51e3e6c8]
Event: 1.522 Thread 0x0000023c6164fb80 1482       3       java.lang.invoke.MethodHandles$Lookup::isArrayClone (50 bytes)
Event: 1.522 Thread 0x0000023c6164fb80 nmethod 1482 0x0000023c4a4db508 code [0x0000023c4a4db6a0, 0x0000023c4a4dbfe8]
Event: 1.531 Thread 0x0000023c6164fb80 1483       1       java.lang.Enum::name (5 bytes)
Event: 1.531 Thread 0x0000023c6164fb80 nmethod 1483 0x0000023c51e3e808 code [0x0000023c51e3e900, 0x0000023c51e3e9c8]

GC Heap History (0 events):
No events

Dll operation events (11 events):
Event: 0.041 Loaded shared library C:\Users\peter\.jdks\openjdk-24.0.1\bin\java.dll
Event: 0.090 Loaded shared library C:\Users\peter\.jdks\openjdk-24.0.1\bin\jsvml.dll
Event: 0.299 Loaded shared library C:\Users\peter\.jdks\openjdk-24.0.1\bin\zip.dll
Event: 0.308 Loaded shared library C:\Users\peter\.jdks\openjdk-24.0.1\bin\instrument.dll
Event: 0.326 Loaded shared library C:\Users\peter\.jdks\openjdk-24.0.1\bin\net.dll
Event: 0.332 Loaded shared library C:\Users\peter\.jdks\openjdk-24.0.1\bin\nio.dll
Event: 0.358 Loaded shared library C:\Users\peter\.jdks\openjdk-24.0.1\bin\zip.dll
Event: 0.544 Loaded shared library C:\Users\peter\.jdks\openjdk-24.0.1\bin\extnet.dll
Event: 0.732 Loaded shared library C:\Users\peter\.jdks\openjdk-24.0.1\bin\jimage.dll
Event: 1.185 Loaded shared library C:\Users\peter\.jdks\openjdk-24.0.1\bin\management.dll
Event: 1.202 Loaded shared library C:\Users\peter\.jdks\openjdk-24.0.1\bin\management_ext.dll

Deoptimization events (20 events):
Event: 1.345 Thread 0x0000023c40f8ba10 Uncommon trap: trap_request=0xffffff4d fr.pc=0x0000023c51e01228 relative=0x00000000000000a8
Event: 1.345 Thread 0x0000023c40f8ba10 Uncommon trap: reason=unstable_if action=reinterpret pc=0x0000023c51e01228 method=java.lang.CharacterDataLatin1.isWhitespace(I)Z @ 14 c2
Event: 1.345 Thread 0x0000023c40f8ba10 DEOPT PACKING pc=0x0000023c51e01228 sp=0x0000003c87ffd7b0
Event: 1.345 Thread 0x0000023c40f8ba10 DEOPT UNPACKING pc=0x0000023c51945482 sp=0x0000003c87ffd740 mode 2
Event: 1.372 Thread 0x0000023c40f8ba10 Uncommon trap: trap_request=0xffffff4d fr.pc=0x0000023c51dd7d60 relative=0x00000000000000c0
Event: 1.372 Thread 0x0000023c40f8ba10 Uncommon trap: reason=unstable_if action=reinterpret pc=0x0000023c51dd7d60 method=jdk.internal.util.xml.impl.Parser.bappend(CC)V @ 1 c2
Event: 1.372 Thread 0x0000023c40f8ba10 DEOPT PACKING pc=0x0000023c51dd7d60 sp=0x0000003c87ffd5f0
Event: 1.372 Thread 0x0000023c40f8ba10 DEOPT UNPACKING pc=0x0000023c51945482 sp=0x0000003c87ffd588 mode 2
Event: 1.376 Thread 0x0000023c40f8ba10 Uncommon trap: trap_request=0xffffff4d fr.pc=0x0000023c51e1097c relative=0x00000000000000dc
Event: 1.376 Thread 0x0000023c40f8ba10 Uncommon trap: reason=unstable_if action=reinterpret pc=0x0000023c51e1097c method=jdk.internal.classfile.impl.RawBytecodeHelper.next()Z @ 46 c2
Event: 1.376 Thread 0x0000023c40f8ba10 DEOPT PACKING pc=0x0000023c51e1097c sp=0x0000003c87ffbf20
Event: 1.376 Thread 0x0000023c40f8ba10 DEOPT UNPACKING pc=0x0000023c51945482 sp=0x0000003c87ffbeb0 mode 2
Event: 1.379 Thread 0x0000023c40f8ba10 Uncommon trap: trap_request=0xffffff4d fr.pc=0x0000023c51dd79e0 relative=0x0000000000000060
Event: 1.379 Thread 0x0000023c40f8ba10 Uncommon trap: reason=unstable_if action=reinterpret pc=0x0000023c51dd79e0 method=jdk.internal.util.xml.impl.Parser.ensureCapacity(I)V @ 40 c2
Event: 1.379 Thread 0x0000023c40f8ba10 DEOPT PACKING pc=0x0000023c51dd79e0 sp=0x0000003c87ffd5f0
Event: 1.379 Thread 0x0000023c40f8ba10 DEOPT UNPACKING pc=0x0000023c51945482 sp=0x0000003c87ffd568 mode 2
Event: 1.511 Thread 0x0000023c40f8ba10 Uncommon trap: trap_request=0xffffff4d fr.pc=0x0000023c51e371a8 relative=0x0000000000000288
Event: 1.511 Thread 0x0000023c40f8ba10 Uncommon trap: reason=unstable_if action=reinterpret pc=0x0000023c51e371a8 method=java.lang.String.startsWith(Ljava/lang/String;I)Z @ 1 c2
Event: 1.511 Thread 0x0000023c40f8ba10 DEOPT PACKING pc=0x0000023c51e371a8 sp=0x0000003c87ffed80
Event: 1.511 Thread 0x0000023c40f8ba10 DEOPT UNPACKING pc=0x0000023c51945482 sp=0x0000003c87ffed48 mode 2

Classes loaded (20 events):
Event: 1.531 Loading class sun/security/util/KnownOIDs$1
Event: 1.531 Loading class sun/security/util/KnownOIDs$1 done
Event: 1.531 Loading class sun/security/util/KnownOIDs$2
Event: 1.531 Loading class sun/security/util/KnownOIDs$2 done
Event: 1.532 Loading class sun/security/util/KnownOIDs$3
Event: 1.532 Loading class sun/security/util/KnownOIDs$3 done
Event: 1.533 Loading class sun/security/util/KnownOIDs$4
Event: 1.533 Loading class sun/security/util/KnownOIDs$4 done
Event: 1.534 Loading class sun/security/util/KnownOIDs$5
Event: 1.534 Loading class sun/security/util/KnownOIDs$5 done
Event: 1.534 Loading class sun/security/util/KnownOIDs$6
Event: 1.534 Loading class sun/security/util/KnownOIDs$6 done
Event: 1.534 Loading class sun/security/util/KnownOIDs$7
Event: 1.534 Loading class sun/security/util/KnownOIDs$7 done
Event: 1.535 Loading class sun/security/util/KnownOIDs$8
Event: 1.535 Loading class sun/security/util/KnownOIDs$8 done
Event: 1.535 Loading class sun/security/util/KnownOIDs$9
Event: 1.535 Loading class sun/security/util/KnownOIDs$9 done
Event: 1.535 Loading class sun/security/util/KnownOIDs$10
Event: 1.535 Loading class sun/security/util/KnownOIDs$10 done

Classes unloaded (0 events):
No events

Classes redefined (0 events):
No events

Internal exceptions (20 events):
Event: 0.478 Thread 0x0000023c40de87d0 Exception <a 'java/lang/NoSuchMethodError'{0x000000071968b2b8}: 'java.lang.Object java.lang.invoke.DirectMethodHandle$Holder.invokeStaticInit(java.lang.Object, java.lang.Object, java.lang.Object)'> (0x000000071968b2b8) 
thrown [s\open\src\hotspot\share\interpreter\linkResolver.cpp, line 805]
Event: 0.536 Thread 0x0000023c61724e90 Exception <a 'java/lang/NoSuchMethodError'{0x00000007197f0af0}: 'java.lang.Object java.lang.invoke.DirectMethodHandle$Holder.invokeStaticInit(java.lang.Object)'> (0x00000007197f0af0) 
thrown [s\open\src\hotspot\share\interpreter\linkResolver.cpp, line 805]
Event: 0.557 Thread 0x0000023c61724e90 Exception <a 'java/lang/NoSuchMethodError'{0x00000007197fb720}: 'void java.lang.invoke.DirectMethodHandle$Holder.invokeStatic(java.lang.Object, java.lang.Object)'> (0x00000007197fb720) 
thrown [s\open\src\hotspot\share\interpreter\linkResolver.cpp, line 805]
Event: 0.835 Thread 0x0000023c40de87d0 Exception <a 'java/lang/NoSuchMethodError'{0x0000000719285938}: 'void java.lang.invoke.DirectMethodHandle$Holder.invokeStaticInit(java.lang.Object)'> (0x0000000719285938) 
thrown [s\open\src\hotspot\share\interpreter\linkResolver.cpp, line 805]
Event: 0.860 Thread 0x0000023c40de87d0 Exception <a 'java/lang/NoSuchMethodError'{0x00000007192f6c30}: 'void java.lang.invoke.DirectMethodHandle$Holder.invokeSpecial(java.lang.Object, java.lang.Object, java.lang.Object)'> (0x00000007192f6c30) 
thrown [s\open\src\hotspot\share\interpreter\linkResolver.cpp, line 805]
Event: 0.891 Thread 0x0000023c40de87d0 Exception <a 'java/lang/NoSuchMethodError'{0x000000071935e210}: 'java.lang.Object java.lang.invoke.DirectMethodHandle$Holder.newInvokeSpecial(java.lang.Object, java.lang.Object, java.lang.Object, java.lang.Object, java.lang.Object)'> (0x000000071935e210) 
thrown [s\open\src\hotspot\share\interpreter\linkResolver.cpp, line 805]
Event: 0.978 Thread 0x0000023c40de87d0 Exception <a 'java/lang/NoSuchMethodError'{0x00000007190f9a50}: 'long java.lang.invoke.DirectMethodHandle$Holder.invokeVirtual(java.lang.Object, java.lang.Object)'> (0x00000007190f9a50) 
thrown [s\open\src\hotspot\share\interpreter\linkResolver.cpp, line 805]
Event: 1.106 Thread 0x0000023c40de87d0 Exception <a 'java/lang/NoSuchMethodError'{0x0000000718f507b8}: 'int java.lang.invoke.DirectMethodHandle$Holder.invokeSpecial(java.lang.Object, java.lang.Object, java.lang.Object)'> (0x0000000718f507b8) 
thrown [s\open\src\hotspot\share\interpreter\linkResolver.cpp, line 805]
Event: 1.130 Thread 0x0000023c40f8ba10 Exception <a 'java/lang/NoSuchMethodError'{0x0000000718c55798}: 'java.lang.Object java.lang.invoke.DirectMethodHandle$Holder.newInvokeSpecial(java.lang.Object, java.lang.Object, java.lang.Object, int)'> (0x0000000718c55798) 
thrown [s\open\src\hotspot\share\interpreter\linkResolver.cpp, line 805]
Event: 1.132 Thread 0x0000023c40f8ba10 Exception <a 'java/lang/NoSuchMethodError'{0x0000000718c5e390}: 'java.lang.Object java.lang.invoke.Invokers$Holder.linkToTargetMethod(java.lang.Object, java.lang.Object, int, java.lang.Object)'> (0x0000000718c5e390) 
thrown [s\open\src\hotspot\share\interpreter\linkResolver.cpp, line 805]
Event: 1.209 Thread 0x0000023c40f8ba10 Exception <a 'java/lang/NoSuchMethodError'{0x0000000718cc9e58}: 'int java.lang.invoke.DirectMethodHandle$Holder.invokeInterface(java.lang.Object, java.lang.Object)'> (0x0000000718cc9e58) 
thrown [s\open\src\hotspot\share\interpreter\linkResolver.cpp, line 805]
Event: 1.210 Thread 0x0000023c40f8ba10 Exception <a 'java/lang/IncompatibleClassChangeError'{0x0000000718cd1ad8}: Found class java.lang.Object, but interface was expected> (0x0000000718cd1ad8) 
thrown [s\open\src\hotspot\share\interpreter\linkResolver.cpp, line 872]
Event: 1.234 Thread 0x0000023c40de87d0 Exception <a 'java/lang/NoSuchMethodError'{0x0000000718a218f8}: 'void java.lang.invoke.DirectMethodHandle$Holder.invokeSpecial(java.lang.Object, java.lang.Object, int)'> (0x0000000718a218f8) 
thrown [s\open\src\hotspot\share\interpreter\linkResolver.cpp, line 805]
Event: 1.236 Thread 0x0000023c40de87d0 Exception <a 'java/lang/NoSuchMethodError'{0x0000000718a29518}: 'void java.lang.invoke.Invokers$Holder.invokeExact_MT(java.lang.Object, int, java.lang.Object)'> (0x0000000718a29518) 
thrown [s\open\src\hotspot\share\interpreter\linkResolver.cpp, line 805]
Event: 1.241 Thread 0x0000023c40de87d0 Exception <a 'java/lang/NoSuchMethodError'{0x0000000718a43dc8}: 'void java.lang.invoke.DirectMethodHandle$Holder.invokeStatic(java.lang.Object, java.lang.Object, int)'> (0x0000000718a43dc8) 
thrown [s\open\src\hotspot\share\interpreter\linkResolver.cpp, line 805]
Event: 1.242 Thread 0x0000023c40de87d0 Exception <a 'java/lang/NoSuchMethodError'{0x0000000718a52eb8}: 'java.lang.Object java.lang.invoke.DirectMethodHandle$Holder.newInvokeSpecial(java.lang.Object, java.lang.Object, int)'> (0x0000000718a52eb8) 
thrown [s\open\src\hotspot\share\interpreter\linkResolver.cpp, line 805]
Event: 1.245 Thread 0x0000023c61725d30 Exception <a 'java/lang/NoSuchMethodError'{0x0000000718becbc8}: 'long java.lang.invoke.DirectMethodHandle$Holder.invokeSpecial(java.lang.Object, java.lang.Object)'> (0x0000000718becbc8) 
thrown [s\open\src\hotspot\share\interpreter\linkResolver.cpp, line 805]
Event: 1.256 Thread 0x0000023c40de87d0 Exception <a 'sun/nio/fs/WindowsException'{0x0000000718a87d60}> (0x0000000718a87d60) 
thrown [s\open\src\hotspot\share\prims\jni.cpp, line 518]
Event: 1.260 Thread 0x0000023c40de87d0 Exception <a 'sun/nio/fs/WindowsException'{0x0000000718a94b48}> (0x0000000718a94b48) 
thrown [s\open\src\hotspot\share\prims\jni.cpp, line 518]
Event: 1.266 Thread 0x0000023c40de87d0 Exception <a 'sun/nio/fs/WindowsException'{0x0000000718aa6930}> (0x0000000718aa6930) 
thrown [s\open\src\hotspot\share\prims\jni.cpp, line 518]

VM Operations (10 events):
Event: 0.142 Executing VM operation: HandshakeAllThreads (Deoptimize)
Event: 0.142 Executing VM operation: HandshakeAllThreads (Deoptimize) done
Event: 1.247 Executing VM operation: HandshakeAllThreads (Deoptimize)
Event: 1.247 Executing VM operation: HandshakeAllThreads (Deoptimize) done
Event: 1.253 Executing VM operation: HandshakeAllThreads (Deoptimize)
Event: 1.253 Executing VM operation: HandshakeAllThreads (Deoptimize) done
Event: 1.345 Executing VM operation: JFRSafepointClear
Event: 1.345 Executing VM operation: JFRSafepointClear done
Event: 1.521 Executing VM operation: HandshakeAllThreads (Deoptimize)
Event: 1.521 Executing VM operation: HandshakeAllThreads (Deoptimize) done

Memory protections (0 events):
No events

Nmethod flushes (0 events):
No events

Events (15 events):
Event: 0.064 Thread 0x0000023c40de87d0 Thread added: 0x0000023c40de87d0
Event: 0.086 Thread 0x0000023c40de87d0 Thread added: 0x0000023c40f7d8a0
Event: 0.086 Thread 0x0000023c40de87d0 Thread added: 0x0000023c40f7dfe0
Event: 0.086 Thread 0x0000023c40de87d0 Thread added: 0x0000023c40f88b20
Event: 0.087 Thread 0x0000023c40de87d0 Thread added: 0x0000023c40f8ba10
Event: 0.087 Thread 0x0000023c40de87d0 Thread added: 0x0000023c40f8e2e0
Event: 0.087 Thread 0x0000023c40de87d0 Thread added: 0x0000023c6163ad30
Event: 0.087 Thread 0x0000023c40de87d0 Thread added: 0x0000023c616425e0
Event: 0.087 Thread 0x0000023c40de87d0 Thread added: 0x0000023c6164fb80
Event: 0.318 Thread 0x0000023c40de87d0 Thread added: 0x0000023c61724740
Event: 0.458 Thread 0x0000023c40de87d0 Thread added: 0x0000023c61724e90
Event: 0.726 Thread 0x0000023c6164fb80 Thread added: 0x0000023c6164dd40
Event: 0.829 Thread 0x0000023c40de87d0 Thread added: 0x0000023c617255e0
Event: 1.004 Thread 0x0000023c6164fb80 Thread added: 0x0000023c61650310
Event: 1.244 Thread 0x0000023c40de87d0 Thread added: 0x0000023c61725d30


Dynamic libraries:
0x00007ff7fc430000 - 0x00007ff7fc43e000 	C:\Users\peter\.jdks\openjdk-24.0.1\bin\java.exe
0x00007ffb67840000 - 0x00007ffb67aa6000 	C:\WINDOWS\SYSTEM32\ntdll.dll
0x00007ffb662a0000 - 0x00007ffb66369000 	C:\WINDOWS\System32\KERNEL32.DLL
0x00007ffb64e50000 - 0x00007ffb6521c000 	C:\WINDOWS\System32\KERNELBASE.dll
0x00007ffb65360000 - 0x00007ffb654ab000 	C:\WINDOWS\System32\ucrtbase.dll
0x00007ffb56e50000 - 0x00007ffb56e6b000 	C:\Users\peter\.jdks\openjdk-24.0.1\bin\VCRUNTIME140.dll
0x00007ffb52770000 - 0x00007ffb52786000 	C:\Users\peter\.jdks\openjdk-24.0.1\bin\jli.dll
0x00007ffb65b00000 - 0x00007ffb65cca000 	C:\WINDOWS\System32\USER32.dll
0x00007ffb48a00000 - 0x00007ffb48c9a000 	C:\WINDOWS\WinSxS\amd64_microsoft.windows.common-controls_6595b64144ccf1df_6.0.26100.3912_none_3e07963ce335137e\COMCTL32.dll
0x00007ffb64be0000 - 0x00007ffb64c07000 	C:\WINDOWS\System32\win32u.dll
0x00007ffb67590000 - 0x00007ffb67639000 	C:\WINDOWS\System32\msvcrt.dll
0x00007ffb65a80000 - 0x00007ffb65aab000 	C:\WINDOWS\System32\GDI32.dll
0x00007ffb65220000 - 0x00007ffb65352000 	C:\WINDOWS\System32\gdi32full.dll
0x00007ffb65550000 - 0x00007ffb655f3000 	C:\WINDOWS\System32\msvcp_win.dll
0x00007ffb65ac0000 - 0x00007ffb65af0000 	C:\WINDOWS\System32\IMM32.DLL
0x00007ffb62e20000 - 0x00007ffb62e2c000 	C:\Users\peter\.jdks\openjdk-24.0.1\bin\vcruntime140_1.dll
0x00007ffb34470000 - 0x00007ffb344fe000 	C:\Users\peter\.jdks\openjdk-24.0.1\bin\msvcp140.dll
0x00007ffb17f40000 - 0x00007ffb18ce2000 	C:\Users\peter\.jdks\openjdk-24.0.1\bin\server\jvm.dll
0x00007ffb65860000 - 0x00007ffb65912000 	C:\WINDOWS\System32\ADVAPI32.dll
0x00007ffb664c0000 - 0x00007ffb66566000 	C:\WINDOWS\System32\sechost.dll
0x00007ffb67650000 - 0x00007ffb67766000 	C:\WINDOWS\System32\RPCRT4.dll
0x00007ffb66440000 - 0x00007ffb664b4000 	C:\WINDOWS\System32\WS2_32.dll
0x00007ffb5c570000 - 0x00007ffb5c5a6000 	C:\WINDOWS\SYSTEM32\WINMM.dll
0x00007ffb64820000 - 0x00007ffb6487e000 	C:\WINDOWS\SYSTEM32\POWRPROF.dll
0x00007ffb5c5b0000 - 0x00007ffb5c5bb000 	C:\WINDOWS\SYSTEM32\VERSION.dll
0x00007ffb64800000 - 0x00007ffb64814000 	C:\WINDOWS\SYSTEM32\UMPDC.dll
0x00007ffb63790000 - 0x00007ffb637aa000 	C:\WINDOWS\SYSTEM32\kernel.appcore.dll
0x00007ffb62cf0000 - 0x00007ffb62cfa000 	C:\Users\peter\.jdks\openjdk-24.0.1\bin\jimage.dll
0x00007ffb621c0000 - 0x00007ffb62401000 	C:\WINDOWS\SYSTEM32\DBGHELP.DLL
0x00007ffb669d0000 - 0x00007ffb66d54000 	C:\WINDOWS\System32\combase.dll
0x00007ffb65990000 - 0x00007ffb65a70000 	C:\WINDOWS\System32\OLEAUT32.dll
0x00007ffb490d0000 - 0x00007ffb49109000 	C:\WINDOWS\SYSTEM32\dbgcore.DLL
0x00007ffb654b0000 - 0x00007ffb65549000 	C:\WINDOWS\System32\bcryptPrimitives.dll
0x00007ffb52760000 - 0x00007ffb5276f000 	C:\Users\peter\.jdks\openjdk-24.0.1\bin\instrument.dll
0x00007ffb51e20000 - 0x00007ffb51e3e000 	C:\Users\peter\.jdks\openjdk-24.0.1\bin\java.dll
0x00007ffb65600000 - 0x00007ffb6579f000 	C:\WINDOWS\System32\ole32.dll
0x00007ffb66d60000 - 0x00007ffb6748d000 	C:\WINDOWS\System32\SHELL32.dll
0x00007ffb649d0000 - 0x00007ffb64b44000 	C:\WINDOWS\System32\wintypes.dll
0x00007ffb16a70000 - 0x00007ffb16c68000 	C:\Users\peter\AppData\Local\Temp\idea_libasyncProfiler_dll_temp_folder\libasyncProfiler.dll
0x00007ffb62410000 - 0x00007ffb62c66000 	C:\WINDOWS\SYSTEM32\windows.storage.dll
0x00007ffb67490000 - 0x00007ffb6757f000 	C:\WINDOWS\System32\SHCORE.dll
0x00007ffb663d0000 - 0x00007ffb66439000 	C:\WINDOWS\System32\shlwapi.dll
0x00007ffb648e0000 - 0x00007ffb6490f000 	C:\WINDOWS\SYSTEM32\profapi.dll
0x00007ffb2e830000 - 0x00007ffb2e907000 	C:\Users\peter\.jdks\openjdk-24.0.1\bin\jsvml.dll
0x00007ffb4e6a0000 - 0x00007ffb4e6b7000 	C:\Users\peter\.jdks\openjdk-24.0.1\bin\zip.dll
0x00007ffb529e0000 - 0x00007ffb529f0000 	C:\Users\peter\.jdks\openjdk-24.0.1\bin\net.dll
0x00007ffb63d00000 - 0x00007ffb63d6a000 	C:\WINDOWS\system32\mswsock.dll
0x00007ffb51b30000 - 0x00007ffb51b46000 	C:\Users\peter\.jdks\openjdk-24.0.1\bin\nio.dll
0x00007ffb51b20000 - 0x00007ffb51b29000 	C:\Users\peter\.jdks\openjdk-24.0.1\bin\extnet.dll
0x00007ffb631c0000 - 0x00007ffb632e7000 	C:\WINDOWS\SYSTEM32\DNSAPI.dll
0x00007ffb63180000 - 0x00007ffb631b3000 	C:\WINDOWS\SYSTEM32\IPHLPAPI.DLL
0x00007ffb66850000 - 0x00007ffb6685a000 	C:\WINDOWS\System32\NSI.dll
0x00007ffb5dc80000 - 0x00007ffb5dc8b000 	C:\Windows\System32\rasadhlp.dll
0x00007ffb5ec50000 - 0x00007ffb5ecd6000 	C:\WINDOWS\System32\fwpuclnt.dll
0x00007ffb4e680000 - 0x00007ffb4e68a000 	C:\Users\peter\.jdks\openjdk-24.0.1\bin\management.dll
0x00007ffb4e670000 - 0x00007ffb4e67b000 	C:\Users\peter\.jdks\openjdk-24.0.1\bin\management_ext.dll
0x00007ffb67640000 - 0x00007ffb67648000 	C:\WINDOWS\System32\PSAPI.DLL
0x00007ffb63fa0000 - 0x00007ffb63fbc000 	C:\WINDOWS\SYSTEM32\CRYPTSP.dll
0x00007ffb636f0000 - 0x00007ffb6372a000 	C:\WINDOWS\system32\rsaenh.dll
0x00007ffb63da0000 - 0x00007ffb63dcb000 	C:\WINDOWS\SYSTEM32\USERENV.dll
0x00007ffb648b0000 - 0x00007ffb648d6000 	C:\WINDOWS\SYSTEM32\bcrypt.dll
0x00007ffb63fc0000 - 0x00007ffb63fcc000 	C:\WINDOWS\SYSTEM32\CRYPTBASE.dll
0x00007ffaf19c0000 - 0x00007ffaf19d8000 	C:\WINDOWS\system32\napinsp.dll
0x00007ffaf19a0000 - 0x00007ffaf19b2000 	C:\WINDOWS\System32\winrnr.dll
0x00007ffaf8ae0000 - 0x00007ffaf8b10000 	C:\WINDOWS\system32\nlansp_c.dll
0x00007ffb3aca0000 - 0x00007ffb3acc0000 	C:\WINDOWS\system32\wshbth.dll
0x00007ffb54dc0000 - 0x00007ffb54e0e000 	C:\WINDOWS\SYSTEM32\pdh.dll

JVMTI agents:
C:\Users\peter\AppData\Local\Programs\IntelliJ IDEA Ultimate\lib\idea_rt.jar path:C:\Users\peter\.jdks\openjdk-24.0.1\bin\instrument.dll, loaded, initialized, instrumentlib options:63942
C:\Users\peter\AppData\Local\Temp\idea_libasyncProfiler_dll_temp_folder\libasyncProfiler.dll path:C:\Users\peter\AppData\Local\Temp\idea_libasyncProfiler_dll_temp_folder\libasyncProfiler.dll, loaded, initialized, options:start,jfr,event=wall,interval=10ms,jfrsync=profile,cstack=no,file=C:\Users\peter\IdeaSnapshots\MainWindow_2025_05_23_224404.jfr,dbghelppath=C:\Users\peter\AppData\Local\Temp\idea_dbghelp_dll_temp_folder\dbghelp.dll,log=C:\Users\peter\AppData\Local\Temp\MainWindow_2025_05_23_224404.jfr.log.txt,logLevel=DEBUG

dbghelp: loaded successfully - version: 4.0.5 - missing functions: none
symbol engine: initialized successfully - sym options: 0x614 - pdb path: .;C:\Users\peter\.jdks\openjdk-24.0.1\bin;C:\WINDOWS\SYSTEM32;C:\WINDOWS\WinSxS\amd64_microsoft.windows.common-controls_6595b64144ccf1df_6.0.26100.3912_none_3e07963ce335137e;C:\Users\peter\.jdks\openjdk-24.0.1\bin\server;C:\Users\peter\AppData\Local\Temp\idea_libasyncProfiler_dll_temp_folder

VM Arguments:
jvm_args: -javaagent:C:\Users\peter\AppData\Local\Programs\IntelliJ IDEA Ultimate\lib\idea_rt.jar=63942 -agentpath:C:\Users\peter\AppData\Local\Temp\idea_libasyncProfiler_dll_temp_folder\libasyncProfiler.dll=start,jfr,event=wall,interval=10ms,jfrsync=profile,cstack=no,file=C:\Users\peter\IdeaSnapshots\MainWindow_2025_05_23_224404.jfr,dbghelppath=C:\Users\peter\AppData\Local\Temp\idea_dbghelp_dll_temp_folder\dbghelp.dll,log=C:\Users\peter\AppData\Local\Temp\MainWindow_2025_05_23_224404.jfr.log.txt,logLevel=DEBUG -Dfile.encoding=UTF-8 -Dsun.stdout.encoding=UTF-8 -Dsun.stderr.encoding=UTF-8 
java_command: MainWindow
java_class_path (initial): C:\Users\peter\IdeaProjects\OOP2_Project\out\production\OOP2_Project
Launcher Type: SUN_STANDARD

[Global flags]
     intx CICompilerCount                          = 4                                         {product} {ergonomic}
     uint ConcGCThreads                            = 3                                         {product} {ergonomic}
     bool FlightRecorder                           = true                                      {product} {management}
     uint G1ConcRefinementThreads                  = 10                                        {product} {ergonomic}
   size_t G1HeapRegionSize                         = 2097152                                   {product} {ergonomic}
   size_t InitialHeapSize                          = 257949696                                 {product} {ergonomic}
   size_t MarkStackSize                            = 4194304                                   {product} {ergonomic}
   size_t MarkStackSizeMax                         = 536870912                                 {product} {ergonomic}
   size_t MaxHeapSize                              = 4123000832                                {product} {ergonomic}
   size_t MaxNewSize                               = 2472542208                                {product} {ergonomic}
   size_t MinHeapDeltaBytes                        = 2097152                                   {product} {ergonomic}
   size_t MinHeapSize                              = 8388608                                   {product} {ergonomic}
    uintx NonNMethodCodeHeapSize                   = 5832704                                {pd product} {ergonomic}
    uintx NonProfiledCodeHeapSize                  = 122945536                              {pd product} {ergonomic}
    uintx ProfiledCodeHeapSize                     = 122880000                              {pd product} {ergonomic}
    uintx ReservedCodeCacheSize                    = 251658240                              {pd product} {ergonomic}
     bool SegmentedCodeCache                       = true                                      {product} {ergonomic}
   size_t SoftMaxHeapSize                          = 4123000832                             {manageable} {ergonomic}
     bool UseCompressedOops                        = true                           {product lp64_product} {ergonomic}
     bool UseG1GC                                  = true                                      {product} {ergonomic}
     bool UseLargePagesIndividualAllocation        = false                                  {pd product} {ergonomic}

Logging:
Log output configuration:
 #0: stdout all=warning uptime,level,tags foldmultilines=false
 #1: stderr all=off uptime,level,tags foldmultilines=false

Environment Variables:
PATH=C:\Program Files\Common Files\Oracle\Java\javapath;C:\windows\system32;C:\windows;C:\windows\System32\Wbem;C:\windows\System32\WindowsPowerShell\v1.0\;C:\windows\System32\OpenSSH\;C:\Program Files\HP\HP One Agent;C:\Program Files\dotnet\;C:\WINDOWS\system32;C:\WINDOWS;C:\WINDOWS\System32\Wbem;C:\WINDOWS\System32\WindowsPowerShell\v1.0\;C:\WINDOWS\System32\OpenSSH\;C:\Program Files\Git\cmd;C:\Users\peter\AppData\Local\Programs\Python\Launcher\;C:\Users\peter\AppData\Local\Microsoft\WindowsApps;C:\Users\peter\AppData\Local\JetBrains\Toolbox\scripts;C:\Users\peter\AppData\Local\Programs\Microsoft VS Code\bin
USERNAME=peter
OS=Windows_NT
PROCESSOR_IDENTIFIER=AMD64 Family 25 Model 80 Stepping 0, AuthenticAMD
TMP=C:\Users\peter\AppData\Local\Temp
TEMP=C:\Users\peter\AppData\Local\Temp




Periodic native trim disabled

---------------  S Y S T E M  ---------------

OS:
 Windows 11 , 64 bit Build 26100 (10.0.26100.3912)
OS uptime: 8 days 11:22 hours
Hyper-V role detected

CPU: total 12 (initial active 12) (12 cores per cpu, 2 threads per core) family 25 model 80 stepping 0 microcode 0xa500011, cx8, cmov, fxsr, ht, mmx, 3dnowpref, sse, sse2, sse3, ssse3, sse4a, sse4.1, sse4.2, popcnt, lzcnt, tsc, tscinvbit, avx, avx2, aes, erms, clmul, bmi1, bmi2, adx, sha, fma, vzeroupper, clflush, clflushopt, hv, rdtscp, rdpid, fsrm, f16c, cet_ss
Processor Information for processor 0
  Max Mhz: 2000, Current Mhz: 1808, Mhz Limit: 2000
Processor Information for processor 1
  Max Mhz: 2000, Current Mhz: 1890, Mhz Limit: 2000
Processor Information for processor 2
  Max Mhz: 2000, Current Mhz: 1890, Mhz Limit: 2000
Processor Information for processor 3
  Max Mhz: 2000, Current Mhz: 1890, Mhz Limit: 2000
Processor Information for processor 4
  Max Mhz: 2000, Current Mhz: 1890, Mhz Limit: 2000
Processor Information for processor 5
  Max Mhz: 2000, Current Mhz: 1890, Mhz Limit: 2000
Processor Information for processor 6
  Max Mhz: 2000, Current Mhz: 1890, Mhz Limit: 2000
Processor Information for processor 7
  Max Mhz: 2000, Current Mhz: 1890, Mhz Limit: 2000
Processor Information for processor 8
  Max Mhz: 2000, Current Mhz: 1890, Mhz Limit: 2000
Processor Information for processor 9
  Max Mhz: 2000, Current Mhz: 1808, Mhz Limit: 2000
Processor Information for processor 10
  Max Mhz: 2000, Current Mhz: 1890, Mhz Limit: 2000
Processor Information for processor 11
  Max Mhz: 2000, Current Mhz: 1890, Mhz Limit: 2000

Memory: 4k page, system-wide physical 15723M (3167M free)
TotalPageFile size 19475M (AvailPageFile size 1308M)
current process WorkingSet (physical memory assigned to process): 120M, peak: 120M
current process commit charge ("private bytes"): 410M, peak: 411M

vm_info: OpenJDK 64-Bit Server VM (24.0.1+9-30) for windows-amd64 JRE (24.0.1+9-30), built on 2025-03-05T07:23:45Z with MS VC++ 17.6 (VS2022)

END.
